# JRE version: OpenJDK Runtime Environment (21.0.6) (build 21.0.6+-13355223-b631.42)
# Java VM: OpenJDK 64-Bit Server VM (21.0.6+-13355223-b631.42, mixed mode, tiered, compressed oops, compressed class ptrs, g1 gc, windows-amd64)
GC Precious Log:
 CardTable entry size: 512
 Card Set container configuration: InlinePtr #cards 5 size 8 Array Of Cards #cards 12 size 40 Howl #buckets 4 coarsen threshold 1843 Howl Bitmap #cards 512 size 80 coarsen threshold 460 Card regions per heap region 1 cards per card region 2048
 CPUs: 4 total, 4 available
 Memory: 8073M
 Large Page Support: Disabled
 NUMA Support: Disabled
 Compressed Oops: Enabled (32-bit)
 Heap Region Size: 1M
 Heap Min Capacity: 8M
 Heap Initial Capacity: 128M
 Heap Max Capacity: 2G
 Pre-touch: Disabled
 Parallel Workers: 4
 Concurrent Workers: 1
 Concurrent Refinement Workers: 4
 Periodic GC: Disabled
Heap:
 garbage-first heap   total 187392K, used 128947K [0x0000000080000000, 0x0000000100000000)
  region size 1024K, 37 young (37888K), 10 survivors (10240K)
 Metaspace       used 110146K, committed 112320K, reserved 1179648K
  class space    used 15043K, committed 16128K, reserved 1048576K
GC Heap History (20 events):
Event: 38.219 GC heap before
{Heap before GC invocations=36 (full 0):
 garbage-first heap   total 146432K, used 127932K [0x0000000080000000, 0x0000000100000000)
  region size 1024K, 56 young (57344K), 3 survivors (3072K)
 Metaspace       used 93111K, committed 95168K, reserved 1179648K
  class space    used 12732K, committed 13760K, reserved 1048576K
}
Event: 38.238 GC heap after
{Heap after GC invocations=37 (full 0):
 garbage-first heap   total 146432K, used 76692K [0x0000000080000000, 0x0000000100000000)
  region size 1024K, 6 young (6144K), 6 survivors (6144K)
 Metaspace       used 93111K, committed 95168K, reserved 1179648K
  class space    used 12732K, committed 13760K, reserved 1048576K
}
Event: 39.923 GC heap before
{Heap before GC invocations=37 (full 0):
 garbage-first heap   total 146432K, used 129940K [0x0000000080000000, 0x0000000100000000)
  region size 1024K, 58 young (59392K), 6 survivors (6144K)
 Metaspace       used 97205K, committed 99264K, reserved 1179648K
  class space    used 13358K, committed 14400K, reserved 1048576K
}
Event: 39.942 GC heap after
{Heap after GC invocations=38 (full 0):
 garbage-first heap   total 146432K, used 78943K [0x0000000080000000, 0x0000000100000000)
  region size 1024K, 7 young (7168K), 7 survivors (7168K)
 Metaspace       used 97205K, committed 99264K, reserved 1179648K
  class space    used 13358K, committed 14400K, reserved 1048576K
}
Event: 42.234 GC heap before
{Heap before GC invocations=38 (full 0):
 garbage-first heap   total 146432K, used 130143K [0x0000000080000000, 0x0000000100000000)
  region size 1024K, 57 young (58368K), 7 survivors (7168K)
 Metaspace       used 102058K, committed 104192K, reserved 1179648K
  class space    used 14029K, committed 15104K, reserved 1048576K
}
Event: 42.270 GC heap after
{Heap after GC invocations=39 (full 0):
 garbage-first heap   total 146432K, used 84050K [0x0000000080000000, 0x0000000100000000)
  region size 1024K, 8 young (8192K), 8 survivors (8192K)
 Metaspace       used 102058K, committed 104192K, reserved 1179648K
  class space    used 14029K, committed 15104K, reserved 1048576K
}
Event: 43.476 GC heap before
{Heap before GC invocations=40 (full 0):
 garbage-first heap   total 146432K, used 129106K [0x0000000080000000, 0x0000000100000000)
  region size 1024K, 52 young (53248K), 8 survivors (8192K)
 Metaspace       used 102395K, committed 104576K, reserved 1179648K
  class space    used 14045K, committed 15104K, reserved 1048576K
}
Event: 43.510 GC heap after
{Heap after GC invocations=41 (full 0):
 garbage-first heap   total 146432K, used 88642K [0x0000000080000000, 0x0000000100000000)
  region size 1024K, 5 young (5120K), 5 survivors (5120K)
 Metaspace       used 102395K, committed 104576K, reserved 1179648K
  class space    used 14045K, committed 15104K, reserved 1048576K
}
Event: 45.766 GC heap before
{Heap before GC invocations=41 (full 0):
 garbage-first heap   total 146432K, used 132674K [0x0000000080000000, 0x0000000100000000)
  region size 1024K, 48 young (49152K), 5 survivors (5120K)
 Metaspace       used 102706K, committed 104832K, reserved 1179648K
  class space    used 14112K, committed 15168K, reserved 1048576K
}
Event: 45.785 GC heap after
{Heap after GC invocations=42 (full 0):
 garbage-first heap   total 146432K, used 89365K [0x0000000080000000, 0x0000000100000000)
  region size 1024K, 4 young (4096K), 4 survivors (4096K)
 Metaspace       used 102706K, committed 104832K, reserved 1179648K
  class space    used 14112K, committed 15168K, reserved 1048576K
}
Event: 46.750 GC heap before
{Heap before GC invocations=42 (full 0):
 garbage-first heap   total 146432K, used 132373K [0x0000000080000000, 0x0000000100000000)
  region size 1024K, 47 young (48128K), 4 survivors (4096K)
 Metaspace       used 102927K, committed 105024K, reserved 1179648K
  class space    used 14145K, committed 15168K, reserved 1048576K
}
Event: 46.764 GC heap after
{Heap after GC invocations=43 (full 0):
 garbage-first heap   total 146432K, used 91893K [0x0000000080000000, 0x0000000100000000)
  region size 1024K, 5 young (5120K), 5 survivors (5120K)
 Metaspace       used 102927K, committed 105024K, reserved 1179648K
  class space    used 14145K, committed 15168K, reserved 1048576K
}
Event: 48.014 GC heap before
{Heap before GC invocations=44 (full 0):
 garbage-first heap   total 155648K, used 129781K [0x0000000080000000, 0x0000000100000000)
  region size 1024K, 43 young (44032K), 5 survivors (5120K)
 Metaspace       used 103071K, committed 105216K, reserved 1179648K
  class space    used 14159K, committed 15168K, reserved 1048576K
}
Event: 48.030 GC heap after
{Heap after GC invocations=45 (full 0):
 garbage-first heap   total 155648K, used 94378K [0x0000000080000000, 0x0000000100000000)
  region size 1024K, 5 young (5120K), 5 survivors (5120K)
 Metaspace       used 103071K, committed 105216K, reserved 1179648K
  class space    used 14159K, committed 15168K, reserved 1048576K
}
Event: 49.021 GC heap before
{Heap before GC invocations=45 (full 0):
 garbage-first heap   total 155648K, used 144554K [0x0000000080000000, 0x0000000100000000)
  region size 1024K, 50 young (51200K), 5 survivors (5120K)
 Metaspace       used 104470K, committed 106624K, reserved 1179648K
  class space    used 14285K, committed 15360K, reserved 1048576K
}
Event: 49.045 GC heap after
{Heap after GC invocations=46 (full 0):
 garbage-first heap   total 155648K, used 93909K [0x0000000080000000, 0x0000000100000000)
  region size 1024K, 4 young (4096K), 4 survivors (4096K)
 Metaspace       used 104470K, committed 106624K, reserved 1179648K
  class space    used 14285K, committed 15360K, reserved 1048576K
}
Event: 49.990 GC heap before
{Heap before GC invocations=46 (full 0):
 garbage-first heap   total 155648K, used 141013K [0x0000000080000000, 0x0000000100000000)
  region size 1024K, 51 young (52224K), 4 survivors (4096K)
 Metaspace       used 104697K, committed 106816K, reserved 1179648K
  class space    used 14317K, committed 15360K, reserved 1048576K
}
Event: 50.005 GC heap after
{Heap after GC invocations=47 (full 0):
 garbage-first heap   total 187392K, used 96155K [0x0000000080000000, 0x0000000100000000)
  region size 1024K, 6 young (6144K), 6 survivors (6144K)
 Metaspace       used 104697K, committed 106816K, reserved 1179648K
  class space    used 14317K, committed 15360K, reserved 1048576K
}
Event: 52.418 GC heap before
{Heap before GC invocations=48 (full 0):
 garbage-first heap   total 187392K, used 165787K [0x0000000080000000, 0x0000000100000000)
  region size 1024K, 75 young (76800K), 6 survivors (6144K)
 Metaspace       used 108814K, committed 111040K, reserved 1179648K
  class space    used 14876K, committed 16000K, reserved 1048576K
}
Event: 52.450 GC heap after
{Heap after GC invocations=49 (full 0):
 garbage-first heap   total 187392K, used 102323K [0x0000000080000000, 0x0000000100000000)
  region size 1024K, 10 young (10240K), 10 survivors (10240K)
 Metaspace       used 108814K, committed 111040K, reserved 1179648K
  class space    used 14876K, committed 16000K, reserved 1048576K
}

