# JRE version: OpenJDK Runtime Environment (21.0.6) (build 21.0.6+-13355223-b631.42)
# Java VM: OpenJDK 64-Bit Server VM (21.0.6+-13355223-b631.42, mixed mode, tiered, compressed oops, compressed class ptrs, g1 gc, windows-amd64)
GC Precious Log:
 CardTable entry size: 512
 Card Set container configuration: InlinePtr #cards 5 size 8 Array Of Cards #cards 12 size 40 Howl #buckets 4 coarsen threshold 1843 Howl Bitmap #cards 512 size 80 coarsen threshold 460 Card regions per heap region 1 cards per card region 2048
 CPUs: 4 total, 4 available
 Memory: 8073M
 Large Page Support: Disabled
 NUMA Support: Disabled
 Compressed Oops: Enabled (32-bit)
 Heap Region Size: 1M
 Heap Min Capacity: 8M
 Heap Initial Capacity: 128M
 Heap Max Capacity: 2G
 Pre-touch: Disabled
 Parallel Workers: 4
 Concurrent Workers: 1
 Concurrent Refinement Workers: 4
 Periodic GC: Disabled
Heap:
 garbage-first heap   total 316416K, used 193024K [0x0000000080000000, 0x0000000100000000)
  region size 1024K, 13 young (13312K), 13 survivors (13312K)
 Metaspace       used 126440K, committed 128704K, reserved 1179648K
  class space    used 16774K, committed 17920K, reserved 1048576K
GC Heap History (20 events):
Event: 56.695 GC heap after
{Heap after GC invocations=51 (full 0):
 garbage-first heap   total 316416K, used 170496K [0x0000000080000000, 0x0000000100000000)
  region size 1024K, 11 young (11264K), 11 survivors (11264K)
 Metaspace       used 108019K, committed 110208K, reserved 1179648K
  class space    used 14536K, committed 15616K, reserved 1048576K
}
Event: 60.330 GC heap before
{Heap before GC invocations=51 (full 0):
 garbage-first heap   total 316416K, used 249344K [0x0000000080000000, 0x0000000100000000)
  region size 1024K, 89 young (91136K), 11 survivors (11264K)
 Metaspace       used 110971K, committed 113152K, reserved 1179648K
  class space    used 14811K, committed 15872K, reserved 1048576K
}
Event: 60.393 GC heap after
{Heap after GC invocations=52 (full 0):
 garbage-first heap   total 316416K, used 177664K [0x0000000080000000, 0x0000000100000000)
  region size 1024K, 9 young (9216K), 9 survivors (9216K)
 Metaspace       used 110971K, committed 113152K, reserved 1179648K
  class space    used 14811K, committed 15872K, reserved 1048576K
}
Event: 61.410 GC heap before
{Heap before GC invocations=52 (full 0):
 garbage-first heap   total 316416K, used 257536K [0x0000000080000000, 0x0000000100000000)
  region size 1024K, 87 young (89088K), 9 survivors (9216K)
 Metaspace       used 111217K, committed 113408K, reserved 1179648K
  class space    used 14825K, committed 15872K, reserved 1048576K
}
Event: 61.428 GC heap after
{Heap after GC invocations=53 (full 0):
 garbage-first heap   total 316416K, used 177445K [0x0000000080000000, 0x0000000100000000)
  region size 1024K, 2 young (2048K), 2 survivors (2048K)
 Metaspace       used 111217K, committed 113408K, reserved 1179648K
  class space    used 14825K, committed 15872K, reserved 1048576K
}
Event: 63.900 GC heap before
{Heap before GC invocations=53 (full 0):
 garbage-first heap   total 316416K, used 236837K [0x0000000080000000, 0x0000000100000000)
  region size 1024K, 62 young (63488K), 2 survivors (2048K)
 Metaspace       used 112632K, committed 114816K, reserved 1179648K
  class space    used 14961K, committed 16064K, reserved 1048576K
}
Event: 63.993 GC heap after
{Heap after GC invocations=54 (full 0):
 garbage-first heap   total 316416K, used 178311K [0x0000000080000000, 0x0000000100000000)
  region size 1024K, 3 young (3072K), 3 survivors (3072K)
 Metaspace       used 112632K, committed 114816K, reserved 1179648K
  class space    used 14961K, committed 16064K, reserved 1048576K
}
Event: 67.365 GC heap before
{Heap before GC invocations=55 (full 0):
 garbage-first heap   total 316416K, used 220807K [0x0000000080000000, 0x0000000100000000)
  region size 1024K, 89 young (91136K), 3 survivors (3072K)
 Metaspace       used 114572K, committed 116800K, reserved 1179648K
  class space    used 15197K, committed 16320K, reserved 1048576K
}
Event: 67.395 GC heap after
{Heap after GC invocations=56 (full 0):
 garbage-first heap   total 316416K, used 137603K [0x0000000080000000, 0x0000000100000000)
  region size 1024K, 8 young (8192K), 8 survivors (8192K)
 Metaspace       used 114572K, committed 116800K, reserved 1179648K
  class space    used 15197K, committed 16320K, reserved 1048576K
}
Event: 79.309 GC heap before
{Heap before GC invocations=56 (full 0):
 garbage-first heap   total 316416K, used 275843K [0x0000000080000000, 0x0000000100000000)
  region size 1024K, 144 young (147456K), 8 survivors (8192K)
 Metaspace       used 116537K, committed 118784K, reserved 1179648K
  class space    used 15432K, committed 16576K, reserved 1048576K
}
Event: 79.345 GC heap after
{Heap after GC invocations=57 (full 0):
 garbage-first heap   total 316416K, used 111487K [0x0000000080000000, 0x0000000100000000)
  region size 1024K, 12 young (12288K), 12 survivors (12288K)
 Metaspace       used 116537K, committed 118784K, reserved 1179648K
  class space    used 15432K, committed 16576K, reserved 1048576K
}
Event: 84.255 GC heap before
{Heap before GC invocations=57 (full 0):
 garbage-first heap   total 316416K, used 269183K [0x0000000080000000, 0x0000000100000000)
  region size 1024K, 167 young (171008K), 12 survivors (12288K)
 Metaspace       used 122021K, committed 124288K, reserved 1179648K
  class space    used 16187K, committed 17344K, reserved 1048576K
}
Event: 84.433 GC heap after
{Heap after GC invocations=58 (full 0):
 garbage-first heap   total 316416K, used 137216K [0x0000000080000000, 0x0000000100000000)
  region size 1024K, 21 young (21504K), 21 survivors (21504K)
 Metaspace       used 122021K, committed 124288K, reserved 1179648K
  class space    used 16187K, committed 17344K, reserved 1048576K
}
Event: 86.621 GC heap before
{Heap before GC invocations=58 (full 0):
 garbage-first heap   total 316416K, used 267264K [0x0000000080000000, 0x0000000100000000)
  region size 1024K, 149 young (152576K), 21 survivors (21504K)
 Metaspace       used 123310K, committed 125568K, reserved 1179648K
  class space    used 16354K, committed 17472K, reserved 1048576K
}
Event: 87.123 GC heap after
{Heap after GC invocations=59 (full 0):
 garbage-first heap   total 316416K, used 161280K [0x0000000080000000, 0x0000000100000000)
  region size 1024K, 19 young (19456K), 19 survivors (19456K)
 Metaspace       used 123310K, committed 125568K, reserved 1179648K
  class space    used 16354K, committed 17472K, reserved 1048576K
}
Event: 87.764 GC heap before
{Heap before GC invocations=59 (full 0):
 garbage-first heap   total 316416K, used 182784K [0x0000000080000000, 0x0000000100000000)
  region size 1024K, 40 young (40960K), 19 survivors (19456K)
 Metaspace       used 123564K, committed 125824K, reserved 1179648K
  class space    used 16392K, committed 17536K, reserved 1048576K
}
Event: 87.849 GC heap after
{Heap after GC invocations=60 (full 0):
 garbage-first heap   total 316416K, used 167424K [0x0000000080000000, 0x0000000100000000)
  region size 1024K, 5 young (5120K), 5 survivors (5120K)
 Metaspace       used 123564K, committed 125824K, reserved 1179648K
  class space    used 16392K, committed 17536K, reserved 1048576K
}
Event: 91.342 GC heap before
{Heap before GC invocations=61 (full 0):
 garbage-first heap   total 316416K, used 254464K [0x0000000080000000, 0x0000000100000000)
  region size 1024K, 91 young (93184K), 5 survivors (5120K)
 Metaspace       used 124968K, committed 127168K, reserved 1179648K
  class space    used 16601K, committed 17728K, reserved 1048576K
}
Event: 91.422 GC heap after
{Heap after GC invocations=62 (full 0):
 garbage-first heap   total 316416K, used 183296K [0x0000000080000000, 0x0000000100000000)
  region size 1024K, 12 young (12288K), 12 survivors (12288K)
 Metaspace       used 124968K, committed 127168K, reserved 1179648K
  class space    used 16601K, committed 17728K, reserved 1048576K
}
Event: 92.283 GC heap before
{Heap before GC invocations=62 (full 0):
 garbage-first heap   total 316416K, used 273408K [0x0000000080000000, 0x0000000100000000)
  region size 1024K, 101 young (103424K), 12 survivors (12288K)
 Metaspace       used 126440K, committed 128704K, reserved 1179648K
  class space    used 16774K, committed 17920K, reserved 1048576K
}

