# JRE version: OpenJDK Runtime Environment (21.0.6) (build 21.0.6+-13355223-b631.42)
# Java VM: OpenJDK 64-Bit Server VM (21.0.6+-13355223-b631.42, mixed mode, tiered, compressed oops, compressed class ptrs, g1 gc, windows-amd64)
GC Precious Log:
 CardTable entry size: 512
 Card Set container configuration: InlinePtr #cards 5 size 8 Array Of Cards #cards 12 size 40 Howl #buckets 4 coarsen threshold 1843 Howl Bitmap #cards 512 size 80 coarsen threshold 460 Card regions per heap region 1 cards per card region 2048
 CPUs: 4 total, 4 available
 Memory: 8073M
 Large Page Support: Disabled
 NUMA Support: Disabled
 Compressed Oops: Enabled (32-bit)
 Heap Region Size: 1M
 Heap Min Capacity: 8M
 Heap Initial Capacity: 128M
 Heap Max Capacity: 2G
 Pre-touch: Disabled
 Parallel Workers: 4
 Concurrent Workers: 1
 Concurrent Refinement Workers: 4
 Periodic GC: Disabled
Heap:
 garbage-first heap   total 263168K, used 158865K [0x0000000080000000, 0x0000000100000000)
  region size 1024K, 9 young (9216K), 9 survivors (9216K)
 Metaspace       used 126780K, committed 129088K, reserved 1179648K
  class space    used 17275K, committed 18432K, reserved 1048576K
GC Heap History (20 events):
Event: 149.326 GC heap after
{Heap after GC invocations=85 (full 0):
 garbage-first heap   total 227328K, used 131818K [0x0000000080000000, 0x0000000100000000)
  region size 1024K, 6 young (6144K), 6 survivors (6144K)
 Metaspace       used 126465K, committed 128768K, reserved 1179648K
  class space    used 17270K, committed 18432K, reserved 1048576K
}
Event: 152.970 GC heap before
{Heap before GC invocations=85 (full 0):
 garbage-first heap   total 227328K, used 206570K [0x0000000080000000, 0x0000000100000000)
  region size 1024K, 80 young (81920K), 6 survivors (6144K)
 Metaspace       used 126542K, committed 128832K, reserved 1179648K
  class space    used 17270K, committed 18432K, reserved 1048576K
}
Event: 152.990 GC heap after
{Heap after GC invocations=86 (full 0):
 garbage-first heap   total 227328K, used 136112K [0x0000000080000000, 0x0000000100000000)
  region size 1024K, 10 young (10240K), 10 survivors (10240K)
 Metaspace       used 126542K, committed 128832K, reserved 1179648K
  class space    used 17270K, committed 18432K, reserved 1048576K
}
Event: 155.698 GC heap before
{Heap before GC invocations=87 (full 0):
 garbage-first heap   total 229376K, used 203696K [0x0000000080000000, 0x0000000100000000)
  region size 1024K, 76 young (77824K), 10 survivors (10240K)
 Metaspace       used 126592K, committed 128896K, reserved 1179648K
  class space    used 17270K, committed 18432K, reserved 1048576K
}
Event: 155.747 GC heap after
{Heap after GC invocations=88 (full 0):
 garbage-first heap   total 229376K, used 141209K [0x0000000080000000, 0x0000000100000000)
  region size 1024K, 10 young (10240K), 10 survivors (10240K)
 Metaspace       used 126592K, committed 128896K, reserved 1179648K
  class space    used 17270K, committed 18432K, reserved 1048576K
}
Event: 157.092 GC heap before
{Heap before GC invocations=88 (full 0):
 garbage-first heap   total 229376K, used 206745K [0x0000000080000000, 0x0000000100000000)
  region size 1024K, 74 young (75776K), 10 survivors (10240K)
 Metaspace       used 126638K, committed 128896K, reserved 1179648K
  class space    used 17270K, committed 18432K, reserved 1048576K
}
Event: 157.126 GC heap after
{Heap after GC invocations=89 (full 0):
 garbage-first heap   total 229376K, used 142669K [0x0000000080000000, 0x0000000100000000)
  region size 1024K, 9 young (9216K), 9 survivors (9216K)
 Metaspace       used 126638K, committed 128896K, reserved 1179648K
  class space    used 17270K, committed 18432K, reserved 1048576K
}
Event: 158.865 GC heap before
{Heap before GC invocations=89 (full 0):
 garbage-first heap   total 229376K, used 206157K [0x0000000080000000, 0x0000000100000000)
  region size 1024K, 72 young (73728K), 9 survivors (9216K)
 Metaspace       used 126678K, committed 128960K, reserved 1179648K
  class space    used 17270K, committed 18432K, reserved 1048576K
}
Event: 158.897 GC heap after
{Heap after GC invocations=90 (full 0):
 garbage-first heap   total 229376K, used 147809K [0x0000000080000000, 0x0000000100000000)
  region size 1024K, 6 young (6144K), 6 survivors (6144K)
 Metaspace       used 126678K, committed 128960K, reserved 1179648K
  class space    used 17270K, committed 18432K, reserved 1048576K
}
Event: 163.014 GC heap before
{Heap before GC invocations=91 (full 0):
 garbage-first heap   total 247808K, used 209249K [0x0000000080000000, 0x0000000100000000)
  region size 1024K, 66 young (67584K), 6 survivors (6144K)
 Metaspace       used 126711K, committed 128960K, reserved 1179648K
  class space    used 17270K, committed 18432K, reserved 1048576K
}
Event: 163.052 GC heap after
{Heap after GC invocations=92 (full 0):
 garbage-first heap   total 247808K, used 154624K [0x0000000080000000, 0x0000000100000000)
  region size 1024K, 7 young (7168K), 7 survivors (7168K)
 Metaspace       used 126711K, committed 128960K, reserved 1179648K
  class space    used 17270K, committed 18432K, reserved 1048576K
}
Event: 165.105 GC heap before
{Heap before GC invocations=92 (full 0):
 garbage-first heap   total 247808K, used 227328K [0x0000000080000000, 0x0000000100000000)
  region size 1024K, 78 young (79872K), 7 survivors (7168K)
 Metaspace       used 126722K, committed 129024K, reserved 1179648K
  class space    used 17270K, committed 18432K, reserved 1048576K
}
Event: 165.169 GC heap after
{Heap after GC invocations=93 (full 0):
 garbage-first heap   total 247808K, used 157952K [0x0000000080000000, 0x0000000100000000)
  region size 1024K, 7 young (7168K), 7 survivors (7168K)
 Metaspace       used 126722K, committed 129024K, reserved 1179648K
  class space    used 17270K, committed 18432K, reserved 1048576K
}
Event: 167.992 GC heap before
{Heap before GC invocations=93 (full 0):
 garbage-first heap   total 247808K, used 225536K [0x0000000080000000, 0x0000000100000000)
  region size 1024K, 74 young (75776K), 7 survivors (7168K)
 Metaspace       used 126732K, committed 129024K, reserved 1179648K
  class space    used 17270K, committed 18432K, reserved 1048576K
}
Event: 168.016 GC heap after
{Heap after GC invocations=94 (full 0):
 garbage-first heap   total 247808K, used 156807K [0x0000000080000000, 0x0000000100000000)
  region size 1024K, 2 young (2048K), 2 survivors (2048K)
 Metaspace       used 126732K, committed 129024K, reserved 1179648K
  class space    used 17270K, committed 18432K, reserved 1048576K
}
Event: 172.075 GC heap before
{Heap before GC invocations=95 (full 0):
 garbage-first heap   total 263168K, used 229511K [0x0000000080000000, 0x0000000100000000)
  region size 1024K, 74 young (75776K), 2 survivors (2048K)
 Metaspace       used 126747K, committed 129024K, reserved 1179648K
  class space    used 17270K, committed 18432K, reserved 1048576K
}
Event: 172.088 GC heap after
{Heap after GC invocations=96 (full 0):
 garbage-first heap   total 263168K, used 156498K [0x0000000080000000, 0x0000000100000000)
  region size 1024K, 1 young (1024K), 1 survivors (1024K)
 Metaspace       used 126747K, committed 129024K, reserved 1179648K
  class space    used 17270K, committed 18432K, reserved 1048576K
}
Event: 173.578 GC heap before
{Heap before GC invocations=96 (full 0):
 garbage-first heap   total 263168K, used 245586K [0x0000000080000000, 0x0000000100000000)
  region size 1024K, 89 young (91136K), 1 survivors (1024K)
 Metaspace       used 126776K, committed 129024K, reserved 1179648K
  class space    used 17275K, committed 18432K, reserved 1048576K
}
Event: 173.620 GC heap after
{Heap after GC invocations=97 (full 0):
 garbage-first heap   total 263168K, used 152938K [0x0000000080000000, 0x0000000100000000)
  region size 1024K, 4 young (4096K), 4 survivors (4096K)
 Metaspace       used 126776K, committed 129024K, reserved 1179648K
  class space    used 17275K, committed 18432K, reserved 1048576K
}
Event: 175.979 GC heap before
{Heap before GC invocations=97 (full 0):
 garbage-first heap   total 263168K, used 242026K [0x0000000080000000, 0x0000000100000000)
  region size 1024K, 92 young (94208K), 4 survivors (4096K)
 Metaspace       used 126780K, committed 129088K, reserved 1179648K
  class space    used 17275K, committed 18432K, reserved 1048576K
}

