# JRE version: OpenJDK Runtime Environment (21.0.6) (build 21.0.6+-13355223-b631.42)
# Java VM: OpenJDK 64-Bit Server VM (21.0.6+-13355223-b631.42, mixed mode, tiered, compressed oops, compressed class ptrs, g1 gc, windows-amd64)
GC Precious Log:
 CardTable entry size: 512
 Card Set container configuration: InlinePtr #cards 5 size 8 Array Of Cards #cards 12 size 40 Howl #buckets 4 coarsen threshold 1843 Howl Bitmap #cards 512 size 80 coarsen threshold 460 Card regions per heap region 1 cards per card region 2048
 CPUs: 4 total, 4 available
 Memory: 8073M
 Large Page Support: Disabled
 NUMA Support: Disabled
 Compressed Oops: Enabled (32-bit)
 Heap Region Size: 1M
 Heap Min Capacity: 8M
 Heap Initial Capacity: 128M
 Heap Max Capacity: 2G
 Pre-touch: Disabled
 Parallel Workers: 4
 Concurrent Workers: 1
 Concurrent Refinement Workers: 4
 Periodic GC: Disabled
Heap:
 garbage-first heap   total 220160K, used 190864K [0x0000000080000000, 0x0000000100000000)
  region size 1024K, 60 young (61440K), 2 survivors (2048K)
 Metaspace       used 121850K, committed 124032K, reserved 1179648K
  class space    used 16658K, committed 17728K, reserved 1048576K
GC Heap History (20 events):
Event: 45.362 GC heap before
{Heap before GC invocations=43 (full 0):
 garbage-first heap   total 168960K, used 151401K [0x0000000080000000, 0x0000000100000000)
  region size 1024K, 66 young (67584K), 4 survivors (4096K)
 Metaspace       used 102661K, committed 104832K, reserved 1179648K
  class space    used 14137K, committed 15232K, reserved 1048576K
}
Event: 45.383 GC heap after
{Heap after GC invocations=44 (full 0):
 garbage-first heap   total 168960K, used 92096K [0x0000000080000000, 0x0000000100000000)
  region size 1024K, 7 young (7168K), 7 survivors (7168K)
 Metaspace       used 102661K, committed 104832K, reserved 1179648K
  class space    used 14137K, committed 15232K, reserved 1048576K
}
Event: 47.170 GC heap before
{Heap before GC invocations=44 (full 0):
 garbage-first heap   total 168960K, used 151488K [0x0000000080000000, 0x0000000100000000)
  region size 1024K, 65 young (66560K), 7 survivors (7168K)
 Metaspace       used 102815K, committed 104960K, reserved 1179648K
  class space    used 14151K, committed 15232K, reserved 1048576K
}
Event: 47.201 GC heap after
{Heap after GC invocations=45 (full 0):
 garbage-first heap   total 168960K, used 92917K [0x0000000080000000, 0x0000000100000000)
  region size 1024K, 5 young (5120K), 5 survivors (5120K)
 Metaspace       used 102815K, committed 104960K, reserved 1179648K
  class space    used 14151K, committed 15232K, reserved 1048576K
}
Event: 47.639 GC heap before
{Heap before GC invocations=45 (full 0):
 garbage-first heap   total 168960K, used 115445K [0x0000000080000000, 0x0000000100000000)
  region size 1024K, 29 young (29696K), 5 survivors (5120K)
 Metaspace       used 102951K, committed 105152K, reserved 1179648K
  class space    used 14182K, committed 15296K, reserved 1048576K
}
Event: 47.652 GC heap after
{Heap after GC invocations=46 (full 0):
 garbage-first heap   total 168960K, used 94949K [0x0000000080000000, 0x0000000100000000)
  region size 1024K, 4 young (4096K), 4 survivors (4096K)
 Metaspace       used 102951K, committed 105152K, reserved 1179648K
  class space    used 14182K, committed 15296K, reserved 1048576K
}
Event: 50.484 GC heap before
{Heap before GC invocations=47 (full 0):
 garbage-first heap   total 168960K, used 158437K [0x0000000080000000, 0x0000000100000000)
  region size 1024K, 62 young (63488K), 4 survivors (4096K)
 Metaspace       used 104818K, committed 107008K, reserved 1179648K
  class space    used 14323K, committed 15424K, reserved 1048576K
}
Event: 50.501 GC heap after
{Heap after GC invocations=48 (full 0):
 garbage-first heap   total 168960K, used 97505K [0x0000000080000000, 0x0000000100000000)
  region size 1024K, 7 young (7168K), 7 survivors (7168K)
 Metaspace       used 104818K, committed 107008K, reserved 1179648K
  class space    used 14323K, committed 15424K, reserved 1048576K
}
Event: 51.927 GC heap before
{Heap before GC invocations=48 (full 0):
 garbage-first heap   total 168960K, used 150753K [0x0000000080000000, 0x0000000100000000)
  region size 1024K, 60 young (61440K), 7 survivors (7168K)
 Metaspace       used 107232K, committed 109376K, reserved 1179648K
  class space    used 14649K, committed 15744K, reserved 1048576K
}
Event: 51.952 GC heap after
{Heap after GC invocations=49 (full 0):
 garbage-first heap   total 168960K, used 102580K [0x0000000080000000, 0x0000000100000000)
  region size 1024K, 8 young (8192K), 8 survivors (8192K)
 Metaspace       used 107232K, committed 109376K, reserved 1179648K
  class space    used 14649K, committed 15744K, reserved 1048576K
}
Event: 53.744 GC heap before
{Heap before GC invocations=49 (full 0):
 garbage-first heap   total 168960K, used 149684K [0x0000000080000000, 0x0000000100000000)
  region size 1024K, 55 young (56320K), 8 survivors (8192K)
 Metaspace       used 110167K, committed 112320K, reserved 1179648K
  class space    used 15040K, committed 16128K, reserved 1048576K
}
Event: 53.772 GC heap after
{Heap after GC invocations=50 (full 0):
 garbage-first heap   total 168960K, used 109568K [0x0000000080000000, 0x0000000100000000)
  region size 1024K, 7 young (7168K), 7 survivors (7168K)
 Metaspace       used 110167K, committed 112320K, reserved 1179648K
  class space    used 15040K, committed 16128K, reserved 1048576K
}
Event: 55.834 GC heap before
{Heap before GC invocations=51 (full 0):
 garbage-first heap   total 183296K, used 151552K [0x0000000080000000, 0x0000000100000000)
  region size 1024K, 48 young (49152K), 7 survivors (7168K)
 Metaspace       used 112758K, committed 114880K, reserved 1179648K
  class space    used 15459K, committed 16512K, reserved 1048576K
}
Event: 55.868 GC heap after
{Heap after GC invocations=52 (full 0):
 garbage-first heap   total 183296K, used 115590K [0x0000000080000000, 0x0000000100000000)
  region size 1024K, 6 young (6144K), 6 survivors (6144K)
 Metaspace       used 112758K, committed 114880K, reserved 1179648K
  class space    used 15459K, committed 16512K, reserved 1048576K
}
Event: 58.612 GC heap before
{Heap before GC invocations=52 (full 0):
 garbage-first heap   total 183296K, used 163718K [0x0000000080000000, 0x0000000100000000)
  region size 1024K, 54 young (55296K), 6 survivors (6144K)
 Metaspace       used 115281K, committed 117440K, reserved 1179648K
  class space    used 15778K, committed 16832K, reserved 1048576K
}
Event: 58.666 GC heap after
{Heap after GC invocations=53 (full 0):
 garbage-first heap   total 183296K, used 121856K [0x0000000080000000, 0x0000000100000000)
  region size 1024K, 7 young (7168K), 7 survivors (7168K)
 Metaspace       used 115281K, committed 117440K, reserved 1179648K
  class space    used 15778K, committed 16832K, reserved 1048576K
}
Event: 60.920 GC heap before
{Heap before GC invocations=53 (full 0):
 garbage-first heap   total 183296K, used 165888K [0x0000000080000000, 0x0000000100000000)
  region size 1024K, 50 young (51200K), 7 survivors (7168K)
 Metaspace       used 116092K, committed 118336K, reserved 1179648K
  class space    used 15912K, committed 17024K, reserved 1048576K
}
Event: 60.959 GC heap after
{Heap after GC invocations=54 (full 0):
 garbage-first heap   total 220160K, used 130048K [0x0000000080000000, 0x0000000100000000)
  region size 1024K, 7 young (7168K), 7 survivors (7168K)
 Metaspace       used 116092K, committed 118336K, reserved 1179648K
  class space    used 15912K, committed 17024K, reserved 1048576K
}
Event: 63.938 GC heap before
{Heap before GC invocations=55 (full 0):
 garbage-first heap   total 220160K, used 193536K [0x0000000080000000, 0x0000000100000000)
  region size 1024K, 70 young (71680K), 7 survivors (7168K)
 Metaspace       used 120746K, committed 122880K, reserved 1179648K
  class space    used 16600K, committed 17664K, reserved 1048576K
}
Event: 63.963 GC heap after
{Heap after GC invocations=56 (full 0):
 garbage-first heap   total 220160K, used 132496K [0x0000000080000000, 0x0000000100000000)
  region size 1024K, 2 young (2048K), 2 survivors (2048K)
 Metaspace       used 120746K, committed 122880K, reserved 1179648K
  class space    used 16600K, committed 17664K, reserved 1048576K
}

