# JRE version: OpenJDK Runtime Environment (21.0.6) (build 21.0.6+-13355223-b631.42)
# Java VM: OpenJDK 64-Bit Server VM (21.0.6+-13355223-b631.42, mixed mode, tiered, compressed oops, compressed class ptrs, g1 gc, windows-amd64)
GC Precious Log:
 CardTable entry size: 512
 Card Set container configuration: InlinePtr #cards 5 size 8 Array Of Cards #cards 12 size 40 Howl #buckets 4 coarsen threshold 1843 Howl Bitmap #cards 512 size 80 coarsen threshold 460 Card regions per heap region 1 cards per card region 2048
 CPUs: 4 total, 4 available
 Memory: 8073M
 Large Page Support: Disabled
 NUMA Support: Disabled
 Compressed Oops: Enabled (32-bit)
 Heap Region Size: 1M
 Heap Min Capacity: 8M
 Heap Initial Capacity: 128M
 Heap Max Capacity: 2G
 Pre-touch: Disabled
 Parallel Workers: 4
 Concurrent Workers: 1
 Concurrent Refinement Workers: 4
 Periodic GC: Disabled
Heap:
 garbage-first heap   total 237568K, used 159744K [0x0000000080000000, 0x0000000100000000)
  region size 1024K, 9 young (9216K), 9 survivors (9216K)
 Metaspace       used 113992K, committed 116160K, reserved 1179648K
  class space    used 15567K, committed 16640K, reserved 1048576K
GC Heap History (20 events):
Event: 49.208 GC heap after
{Heap after GC invocations=43 (full 0):
 garbage-first heap   total 147456K, used 93014K [0x0000000080000000, 0x0000000100000000)
  region size 1024K, 5 young (5120K), 5 survivors (5120K)
 Metaspace       used 102493K, committed 104704K, reserved 1179648K
  class space    used 14078K, committed 15168K, reserved 1048576K
}
Event: 50.814 GC heap before
{Heap before GC invocations=44 (full 0):
 garbage-first heap   total 157696K, used 132950K [0x0000000080000000, 0x0000000100000000)
  region size 1024K, 44 young (45056K), 5 survivors (5120K)
 Metaspace       used 102816K, committed 104960K, reserved 1179648K
  class space    used 14132K, committed 15232K, reserved 1048576K
}
Event: 50.830 GC heap after
{Heap after GC invocations=45 (full 0):
 garbage-first heap   total 157696K, used 95061K [0x0000000080000000, 0x0000000100000000)
  region size 1024K, 5 young (5120K), 5 survivors (5120K)
 Metaspace       used 102816K, committed 104960K, reserved 1179648K
  class space    used 14132K, committed 15232K, reserved 1048576K
}
Event: 51.692 GC heap before
{Heap before GC invocations=45 (full 0):
 garbage-first heap   total 157696K, used 142165K [0x0000000080000000, 0x0000000100000000)
  region size 1024K, 51 young (52224K), 5 survivors (5120K)
 Metaspace       used 102834K, committed 104960K, reserved 1179648K
  class space    used 14132K, committed 15232K, reserved 1048576K
}
Event: 51.707 GC heap after
{Heap after GC invocations=46 (full 0):
 garbage-first heap   total 189440K, used 94580K [0x0000000080000000, 0x0000000100000000)
  region size 1024K, 4 young (4096K), 4 survivors (4096K)
 Metaspace       used 102834K, committed 104960K, reserved 1179648K
  class space    used 14132K, committed 15232K, reserved 1048576K
}
Event: 53.659 GC heap before
{Heap before GC invocations=46 (full 0):
 garbage-first heap   total 189440K, used 170356K [0x0000000080000000, 0x0000000100000000)
  region size 1024K, 74 young (75776K), 4 survivors (4096K)
 Metaspace       used 104599K, committed 106752K, reserved 1179648K
  class space    used 14299K, committed 15360K, reserved 1048576K
}
Event: 53.678 GC heap after
{Heap after GC invocations=47 (full 0):
 garbage-first heap   total 189440K, used 98913K [0x0000000080000000, 0x0000000100000000)
  region size 1024K, 8 young (8192K), 8 survivors (8192K)
 Metaspace       used 104599K, committed 106752K, reserved 1179648K
  class space    used 14299K, committed 15360K, reserved 1048576K
}
Event: 55.906 GC heap before
{Heap before GC invocations=47 (full 0):
 garbage-first heap   total 189440K, used 167521K [0x0000000080000000, 0x0000000100000000)
  region size 1024K, 76 young (77824K), 8 survivors (8192K)
 Metaspace       used 105972K, committed 108160K, reserved 1179648K
  class space    used 14472K, committed 15552K, reserved 1048576K
}
Event: 55.929 GC heap after
{Heap after GC invocations=48 (full 0):
 garbage-first heap   total 189440K, used 107773K [0x0000000080000000, 0x0000000100000000)
  region size 1024K, 10 young (10240K), 10 survivors (10240K)
 Metaspace       used 105972K, committed 108160K, reserved 1179648K
  class space    used 14472K, committed 15552K, reserved 1048576K
}
Event: 58.897 GC heap before
{Heap before GC invocations=48 (full 0):
 garbage-first heap   total 189440K, used 166141K [0x0000000080000000, 0x0000000100000000)
  region size 1024K, 68 young (69632K), 10 survivors (10240K)
 Metaspace       used 107913K, committed 110080K, reserved 1179648K
  class space    used 14738K, committed 15808K, reserved 1048576K
}
Event: 58.911 GC heap after
{Heap after GC invocations=49 (full 0):
 garbage-first heap   total 189440K, used 118245K [0x0000000080000000, 0x0000000100000000)
  region size 1024K, 9 young (9216K), 9 survivors (9216K)
 Metaspace       used 107913K, committed 110080K, reserved 1179648K
  class space    used 14738K, committed 15808K, reserved 1048576K
}
Event: 60.592 GC heap before
{Heap before GC invocations=50 (full 0):
 garbage-first heap   total 198656K, used 168421K [0x0000000080000000, 0x0000000100000000)
  region size 1024K, 58 young (59392K), 9 survivors (9216K)
 Metaspace       used 109925K, committed 112064K, reserved 1179648K
  class space    used 15014K, committed 16064K, reserved 1048576K
}
Event: 60.628 GC heap after
{Heap after GC invocations=51 (full 0):
 garbage-first heap   total 198656K, used 126919K [0x0000000080000000, 0x0000000100000000)
  region size 1024K, 8 young (8192K), 8 survivors (8192K)
 Metaspace       used 109925K, committed 112064K, reserved 1179648K
  class space    used 15014K, committed 16064K, reserved 1048576K
}
Event: 61.523 GC heap before
{Heap before GC invocations=51 (full 0):
 garbage-first heap   total 198656K, used 177095K [0x0000000080000000, 0x0000000100000000)
  region size 1024K, 58 young (59392K), 8 survivors (8192K)
 Metaspace       used 110901K, committed 113024K, reserved 1179648K
  class space    used 15159K, committed 16192K, reserved 1048576K
}
Event: 61.599 GC heap after
{Heap after GC invocations=52 (full 0):
 garbage-first heap   total 198656K, used 134144K [0x0000000080000000, 0x0000000100000000)
  region size 1024K, 8 young (8192K), 8 survivors (8192K)
 Metaspace       used 110901K, committed 113024K, reserved 1179648K
  class space    used 15159K, committed 16192K, reserved 1048576K
}
Event: 62.854 GC heap before
{Heap before GC invocations=52 (full 0):
 garbage-first heap   total 198656K, used 179200K [0x0000000080000000, 0x0000000100000000)
  region size 1024K, 52 young (53248K), 8 survivors (8192K)
 Metaspace       used 112201K, committed 114368K, reserved 1179648K
  class space    used 15365K, committed 16448K, reserved 1048576K
}
Event: 62.916 GC heap after
{Heap after GC invocations=53 (full 0):
 garbage-first heap   total 198656K, used 142265K [0x0000000080000000, 0x0000000100000000)
  region size 1024K, 7 young (7168K), 7 survivors (7168K)
 Metaspace       used 112201K, committed 114368K, reserved 1179648K
  class space    used 15365K, committed 16448K, reserved 1048576K
}
Event: 64.622 GC heap before
{Heap before GC invocations=54 (full 0):
 garbage-first heap   total 237568K, used 178105K [0x0000000080000000, 0x0000000100000000)
  region size 1024K, 42 young (43008K), 7 survivors (7168K)
 Metaspace       used 112443K, committed 114560K, reserved 1179648K
  class space    used 15400K, committed 16448K, reserved 1048576K
}
Event: 64.836 GC heap after
{Heap after GC invocations=55 (full 0):
 garbage-first heap   total 237568K, used 150528K [0x0000000080000000, 0x0000000100000000)
  region size 1024K, 6 young (6144K), 6 survivors (6144K)
 Metaspace       used 112443K, committed 114560K, reserved 1179648K
  class space    used 15400K, committed 16448K, reserved 1048576K
}
Event: 65.988 GC heap before
{Heap before GC invocations=55 (full 0):
 garbage-first heap   total 237568K, used 209920K [0x0000000080000000, 0x0000000100000000)
  region size 1024K, 65 young (66560K), 6 survivors (6144K)
 Metaspace       used 113992K, committed 116160K, reserved 1179648K
  class space    used 15567K, committed 16640K, reserved 1048576K
}

